<?xml version="1.0" encoding="UTF-8"?>
<!-- Generated by org.testng.reporters.JUnitXMLReporter -->
<testsuite ignored="0" hostname="DESKTOP-S8M7G5O" failures="0" tests="3" name="Surefire test" time="0.055" errors="0" timestamp="2026-03-04T23:02:26 IST">
  <testcase classname="testCases.TestngClass" name="executeTest" time="0.004"/>
  <testcase classname="testCases.TestngClass" name="executeTest1" time="0.001"/>
  <testcase classname="TestngPractice1" name="test1" time="0.0"/>
</testsuite> <!-- Surefire test -->
