<?xml version="1.0" encoding="UTF-8"?>
<testng-results ignored="0" total="3" passed="3" failed="0" skipped="0">
  <reporter-output>
  </reporter-output>
  <suite started-at="2026-03-04T23:02:26 IST" name="Surefire suite" finished-at="2026-03-04T23:02:26 IST" duration-ms="55">
    <groups>
    </groups>
    <test started-at="2026-03-04T23:02:26 IST" name="Surefire test" finished-at="2026-03-04T23:02:26 IST" duration-ms="55">
      <class name="testCases.TestngClass">
        <test-method is-config="true" signature="beforeClass()[pri:0, instance:testCases.TestngClass@747ddf94]" started-at="2026-03-04T23:02:26 IST" name="beforeClass" finished-at="2026-03-04T23:02:26 IST" duration-ms="1" status="PASS">
          <reporter-output>
          </reporter-output>
        </test-method> <!-- beforeClass -->
        <test-method is-config="true" signature="beforeMethod()[pri:0, instance:testCases.TestngClass@747ddf94]" started-at="2026-03-04T23:02:26 IST" name="beforeMethod" finished-at="2026-03-04T23:02:26 IST" duration-ms="0" status="PASS">
          <reporter-output>
          </reporter-output>
        </test-method> <!-- beforeMethod -->
        <test-method signature="executeTest()[pri:0, instance:testCases.TestngClass@747ddf94]" started-at="2026-03-04T23:02:26 IST" name="executeTest" finished-at="2026-03-04T23:02:26 IST" duration-ms="4" status="PASS">
          <reporter-output>
          </reporter-output>
        </test-method> <!-- executeTest -->
        <test-method is-config="true" signature="afterMethod()[pri:0, instance:testCases.TestngClass@747ddf94]" started-at="2026-03-04T23:02:26 IST" name="afterMethod" finished-at="2026-03-04T23:02:26 IST" duration-ms="0" status="PASS">
          <reporter-output>
          </reporter-output>
        </test-method> <!-- afterMethod -->
        <test-method signature="executeTest1()[pri:0, instance:testCases.TestngClass@747ddf94]" started-at="2026-03-04T23:02:26 IST" name="executeTest1" finished-at="2026-03-04T23:02:26 IST" duration-ms="1" status="PASS">
          <reporter-output>
          </reporter-output>
        </test-method> <!-- executeTest1 -->
        <test-method is-config="true" signature="beforeMethod()[pri:0, instance:testCases.TestngClass@747ddf94]" started-at="2026-03-04T23:02:26 IST" name="beforeMethod" finished-at="2026-03-04T23:02:26 IST" duration-ms="0" status="PASS">
          <reporter-output>
          </reporter-output>
        </test-method> <!-- beforeMethod -->
        <test-method is-config="true" signature="afterMethod()[pri:0, instance:testCases.TestngClass@747ddf94]" started-at="2026-03-04T23:02:26 IST" name="afterMethod" finished-at="2026-03-04T23:02:26 IST" duration-ms="1" status="PASS">
          <reporter-output>
          </reporter-output>
        </test-method> <!-- afterMethod -->
        <test-method is-config="true" signature="afterClass()[pri:0, instance:testCases.TestngClass@747ddf94]" started-at="2026-03-04T23:02:26 IST" name="afterClass" finished-at="2026-03-04T23:02:26 IST" duration-ms="0" status="PASS">
          <reporter-output>
          </reporter-output>
        </test-method> <!-- afterClass -->
      </class> <!-- testCases.TestngClass -->
      <class name="TestngPractice1">
        <test-method is-config="true" signature="beforeSuite()[pri:0, instance:TestngPractice1@1283bb96]" started-at="2026-03-04T23:02:26 IST" name="beforeSuite" finished-at="2026-03-04T23:02:26 IST" duration-ms="10" status="PASS">
          <reporter-output>
          </reporter-output>
        </test-method> <!-- beforeSuite -->
        <test-method is-config="true" signature="beforeTest()[pri:0, instance:TestngPractice1@1283bb96]" started-at="2026-03-04T23:02:26 IST" name="beforeTest" finished-at="2026-03-04T23:02:26 IST" duration-ms="0" status="PASS">
          <reporter-output>
          </reporter-output>
        </test-method> <!-- beforeTest -->
        <test-method is-config="true" signature="beforeClass()[pri:0, instance:TestngPractice1@1283bb96]" started-at="2026-03-04T23:02:26 IST" name="beforeClass" finished-at="2026-03-04T23:02:26 IST" duration-ms="0" status="PASS">
          <reporter-output>
          </reporter-output>
        </test-method> <!-- beforeClass -->
        <test-method signature="test1()[pri:0, instance:TestngPractice1@1283bb96]" started-at="2026-03-04T23:02:26 IST" name="test1" finished-at="2026-03-04T23:02:26 IST" duration-ms="0" status="PASS">
          <reporter-output>
          </reporter-output>
        </test-method> <!-- test1 -->
        <test-method is-config="true" signature="beforeMethod()[pri:0, instance:TestngPractice1@1283bb96]" started-at="2026-03-04T23:02:26 IST" name="beforeMethod" finished-at="2026-03-04T23:02:26 IST" duration-ms="0" status="PASS">
          <reporter-output>
          </reporter-output>
        </test-method> <!-- beforeMethod -->
      </class> <!-- TestngPractice1 -->
    </test> <!-- Surefire test -->
  </suite> <!-- Surefire suite -->
</testng-results>
