<?xml version="1.0" encoding="UTF-8"?>
<testsuite name="Surefire test"
           tests="2"
           failures="0"
           errors="0"
           skipped="0"
           time="0.005">
    <properties></properties>



            <testcase
                name="executeTest"
                time="0.004"
                classname="testCases.TestngClass">
            </testcase>
            <testcase
                name="executeTest1"
                time="0.001"
                classname="testCases.TestngClass">
            </testcase>
</testsuite>
